---------------开始执行MAIN函数---------------
执行初始化：给一个寻道参考映射表initialize_seek_time_map
执行初始化initialize_zones_bands_and_tracks函数
<_io.TextIOWrapper name='msr-cambridge1-read-copy.csv' mode='r' encoding='cp936'>
in_file_content输入文件内容:
['128166385996605000,Write,3072,887,1064436736,hm,0\n', '128166385996605000,Write,4096,857,3154137088,hm,0\n', '128166385996605000,Write,4096,853,200626176,hm,0\n', '128166386001604000,Write,4096,2028,3224940544,hm,0\n', '128166386005667000,Write,4608,1872,6263291904,hm,0\n', '128166386015666000,Write,4096,2152,3260215296,hm,0\n', '128166386015668000,Write,8192,1050,3229863936,hm,0\n', '128166386562226000,Read,12288,1802,11948060672,hm,0\n', '128166386562226000,Read,4096,1351,11961806848,hm,0\n', '128166386562226000,Read,8192,1149,11948044288,hm,0\n', '128166386562227000,Read,4096,980,11948040192,hm,0\n', '128166386562227000,Read,4096,924,11948085248,hm,0\n', '128166386562337000,Read,4096,46942,11955576832,hm,0\n', '128166386562364000,Read,4096,19478,11947393024,hm,0\n', '128166386562380000,Read,12288,3912,11947397120,hm,0\n', '128166386562380000,Read,4096,3508,11948916736,hm,0\n', '128166386562381000,Read,4096,3344,11948814336,hm,0\n', '128166386562381000,Read,4096,2874,11948920832,hm,0\n', '128166386562382000,Read,4096,1496,11948912640,hm,0\n', '128166386562383000,Read,4096,1245,11955572736,hm,0\n', '128166386562504000,Read,4096,36132,11956482048,hm,0\n', '128166386562509000,Read,4096,31471,11955458048,hm,0\n', '128166386562529000,Read,4096,11629,11952746496,hm,0\n', '128166386562537000,Read,4096,3262,11947278336,hm,0\n', '128166386562537000,Read,4096,3108,11956486144,hm,0\n', '128166386562539000,Read,4096,1285,11955769344,hm,0\n', '128166386562539000,Read,4096,1183,11955462144,hm,0\n', '128166386562539000,Read,4096,908,11955777536,hm,0\n', '128166386562539000,Read,4096,875,11955466240,hm,0\n', '128166386562539000,Read,4096,864,11955773440,hm,0\n', '128166386562638000,Read,65536,58465,11952754688,hm,0\n', '128166386562652000,Read,4096,44139,11952750592,hm,0\n', '128166386562693000,Read,4096,3454,11947282432,hm,0\n', '128166386562818000,Read,16384,34411,11932270592,hm,0\n', '128166386562819000,Read,8192,34104,11932364800,hm,0\n', '128166386562821000,Read,32768,31745,11918299136,hm,0\n', '128166386562919000,Read,16384,89910,11932192768,hm,0\n', '128166386562976000,Read,32768,32780,11932000256,hm,0\n', '128166386563003000,Read,32768,6380,11932033024,hm,0\n', '128166386563003000,Read,32768,6233,11932160000,hm,0\n', '128166386563003000,Read,32768,5991,11931967488,hm,0\n', '128166386563004000,Read,16384,4546,11932209152,hm,0\n', '128166386563005000,Read,16384,4127,11932319744,hm,0\n', '128166386563629000,Read,12288,5246,11932336128,hm,0\n', '128166386566067000,Read,12288,67037,152137728,hm,0\n', '128166386566106000,Read,4096,27621,57958400,hm,0\n', '128166386566114000,Read,16384,19754,295179264,hm,0\n', '128166386566117000,Read,32768,16811,295273472,hm,0\n', '128166386566126000,Read,32768,7529,177996800,hm,0\n', '128166386566128000,Read,32768,5967,295339008,hm,0']
['128166385996605000', 'Write', '3072', '887', '1064436736', 'hm', '0\n']
开始调用journal_update！
执行了 journal_update 函数 每 240 次写入操作后增加 300 毫秒的额外延迟 
执行Write部分
执行了 add_io_to_pc 函数 向持久缓存中添加新的写请求 
执行了 get_new_PID 函数 从持久缓存中的日志头返回一个数据包ID 
执行了 find_array_length 函数 
执行了 find_band_number 函数 搜索对应的band带
执行了 calc_track_number 函数 搜索对应的磁道
执行了 reset_latencies 函数
['128166385996605000', 'Write', '4096', '857', '3154137088', 'hm', '0\n']
执行Write部分
执行了 add_io_to_pc 函数 向持久缓存中添加新的写请求 
执行了 get_new_PID 函数 从持久缓存中的日志头返回一个数据包ID 
执行了 find_array_length 函数 
执行了 find_band_number 函数 搜索对应的band带
执行了 calc_track_number 函数 搜索对应的磁道
执行了 reset_latencies 函数
['128166385996605000', 'Write', '4096', '853', '200626176', 'hm', '0\n']
执行Write部分
执行了 add_io_to_pc 函数 向持久缓存中添加新的写请求 
执行了 get_new_PID 函数 从持久缓存中的日志头返回一个数据包ID 
执行了 find_array_length 函数 
执行了 find_band_number 函数 搜索对应的band带
执行了 calc_track_number 函数 搜索对应的磁道
执行了 reset_latencies 函数
['128166386001604000', 'Write', '4096', '2028', '3224940544', 'hm', '0\n']
执行Write部分
执行了 add_io_to_pc 函数 向持久缓存中添加新的写请求 
执行了 get_new_PID 函数 从持久缓存中的日志头返回一个数据包ID 
执行了 find_array_length 函数 
执行了 find_band_number 函数 搜索对应的band带
执行了 calc_track_number 函数 搜索对应的磁道
执行了 reset_latencies 函数
['128166386005667000', 'Write', '4608', '1872', '6263291904', 'hm', '0\n']
执行Write部分
执行了 add_io_to_pc 函数 向持久缓存中添加新的写请求 
执行了 get_new_PID 函数 从持久缓存中的日志头返回一个数据包ID 
执行了 find_array_length 函数 
执行了 find_band_number 函数 搜索对应的band带
执行了 calc_track_number 函数 搜索对应的磁道
执行了 reset_latencies 函数
['128166386015666000', 'Write', '4096', '2152', '3260215296', 'hm', '0\n']
执行Write部分
执行了 add_io_to_pc 函数 向持久缓存中添加新的写请求 
执行了 get_new_PID 函数 从持久缓存中的日志头返回一个数据包ID 
执行了 find_array_length 函数 
执行了 find_band_number 函数 搜索对应的band带
执行了 calc_track_number 函数 搜索对应的磁道
执行了 reset_latencies 函数
['128166386015668000', 'Write', '8192', '1050', '3229863936', 'hm', '0\n']
执行Write部分
执行了 add_io_to_pc 函数 向持久缓存中添加新的写请求 
执行了 get_new_PID 函数 从持久缓存中的日志头返回一个数据包ID 
执行了 find_array_length 函数 
执行了 find_band_number 函数 搜索对应的band带
执行了 calc_track_number 函数 搜索对应的磁道
执行了 reset_latencies 函数
['128166386562226000', 'Read', '12288', '1802', '11948060672', 'hm', '0\n']
执行Read部分
line_splitted[2、3]:
12288 1802
执行了 find_band_number 函数 搜索对应的band带
执行了 calc_track_number 函数 搜索对应的磁道
执行了 estimate_rot_lat 函数  计算估计旋转延迟
执行了 reset_latencies 函数
['128166386562226000', 'Read', '4096', '1351', '11961806848', 'hm', '0\n']
执行Read部分
line_splitted[2、3]:
4096 1351
执行了 find_band_number 函数 搜索对应的band带
执行了 calc_track_number 函数 搜索对应的磁道
执行了 estimate_rot_lat 函数  计算估计旋转延迟
执行了 reset_latencies 函数
['128166386562226000', 'Read', '8192', '1149', '11948044288', 'hm', '0\n']
执行Read部分
line_splitted[2、3]:
8192 1149
执行了 find_band_number 函数 搜索对应的band带
执行了 calc_track_number 函数 搜索对应的磁道
执行了 estimate_rot_lat 函数  计算估计旋转延迟
执行了 reset_latencies 函数
['128166386562227000', 'Read', '4096', '980', '11948040192', 'hm', '0\n']
执行Read部分
line_splitted[2、3]:
4096 980
执行了 find_band_number 函数 搜索对应的band带
执行了 calc_track_number 函数 搜索对应的磁道
执行了 estimate_rot_lat 函数  计算估计旋转延迟
执行了 reset_latencies 函数
['128166386562227000', 'Read', '4096', '924', '11948085248', 'hm', '0\n']
执行Read部分
line_splitted[2、3]:
4096 924
执行了 find_band_number 函数 搜索对应的band带
执行了 calc_track_number 函数 搜索对应的磁道
执行了 estimate_rot_lat 函数  计算估计旋转延迟
执行了 reset_latencies 函数
['128166386562337000', 'Read', '4096', '46942', '11955576832', 'hm', '0\n']
执行Read部分
line_splitted[2、3]:
4096 46942
执行了 find_band_number 函数 搜索对应的band带
执行了 calc_track_number 函数 搜索对应的磁道
执行了 estimate_rot_lat 函数  计算估计旋转延迟
执行了 find_band_number 函数 搜索对应的band带
执行了 calc_track_number 函数 搜索对应的磁道
执行了 estimate_rot_lat 函数  计算估计旋转延迟
执行了 find_band_number 函数 搜索对应的band带
执行了 calc_track_number 函数 搜索对应的磁道
执行了 estimate_rot_lat 函数  计算估计旋转延迟
执行了 find_band_number 函数 搜索对应的band带
执行了 calc_track_number 函数 搜索对应的磁道
执行了 estimate_rot_lat 函数  计算估计旋转延迟
执行了 find_band_number 函数 搜索对应的band带
执行了 calc_track_number 函数 搜索对应的磁道
执行了 estimate_rot_lat 函数  计算估计旋转延迟
执行了 find_band_number 函数 搜索对应的band带
执行了 calc_track_number 函数 搜索对应的磁道
执行了 estimate_rot_lat 函数  计算估计旋转延迟
执行了 find_band_number 函数 搜索对应的band带
执行了 calc_track_number 函数 搜索对应的磁道
执行了 estimate_rot_lat 函数  计算估计旋转延迟
执行了 find_band_number 函数 搜索对应的band带
执行了 calc_track_number 函数 搜索对应的磁道
执行了 estimate_rot_lat 函数  计算估计旋转延迟
执行了 find_band_number 函数 搜索对应的band带
执行了 calc_track_number 函数 搜索对应的磁道
执行了 estimate_rot_lat 函数  计算估计旋转延迟
执行了 find_band_number 函数 搜索对应的band带
执行了 calc_track_number 函数 搜索对应的磁道
执行了 estimate_rot_lat 函数  计算估计旋转延迟
执行了 find_band_number 函数 搜索对应的band带
执行了 calc_track_number 函数 搜索对应的磁道
执行了 estimate_rot_lat 函数  计算估计旋转延迟
执行了 find_band_number 函数 搜索对应的band带
执行了 calc_track_number 函数 搜索对应的磁道
执行了 estimate_rot_lat 函数  计算估计旋转延迟
执行了 reset_latencies 函数
['128166386562364000', 'Read', '4096', '19478', '11947393024', 'hm', '0\n']
执行Read部分
line_splitted[2、3]:
4096 19478
执行了 find_band_number 函数 搜索对应的band带
执行了 calc_track_number 函数 搜索对应的磁道
执行了 estimate_rot_lat 函数  计算估计旋转延迟
执行了 find_band_number 函数 搜索对应的band带
执行了 calc_track_number 函数 搜索对应的磁道
执行了 estimate_rot_lat 函数  计算估计旋转延迟
执行了 find_band_number 函数 搜索对应的band带
执行了 calc_track_number 函数 搜索对应的磁道
执行了 estimate_rot_lat 函数  计算估计旋转延迟
执行了 find_band_number 函数 搜索对应的band带
执行了 calc_track_number 函数 搜索对应的磁道
执行了 estimate_rot_lat 函数  计算估计旋转延迟
执行了 find_band_number 函数 搜索对应的band带
执行了 calc_track_number 函数 搜索对应的磁道
执行了 estimate_rot_lat 函数  计算估计旋转延迟
执行了 reset_latencies 函数
['128166386562380000', 'Read', '12288', '3912', '11947397120', 'hm', '0\n']
执行Read部分
line_splitted[2、3]:
12288 3912
执行了 find_band_number 函数 搜索对应的band带
执行了 calc_track_number 函数 搜索对应的磁道
执行了 estimate_rot_lat 函数  计算估计旋转延迟
执行了 reset_latencies 函数
['128166386562380000', 'Read', '4096', '3508', '11948916736', 'hm', '0\n']
执行Read部分
line_splitted[2、3]:
4096 3508
执行了 find_band_number 函数 搜索对应的band带
执行了 calc_track_number 函数 搜索对应的磁道
执行了 estimate_rot_lat 函数  计算估计旋转延迟
执行了 reset_latencies 函数
['128166386562381000', 'Read', '4096', '3344', '11948814336', 'hm', '0\n']
执行Read部分
line_splitted[2、3]:
4096 3344
执行了 find_band_number 函数 搜索对应的band带
执行了 calc_track_number 函数 搜索对应的磁道
执行了 estimate_rot_lat 函数  计算估计旋转延迟
执行了 reset_latencies 函数
['128166386562381000', 'Read', '4096', '2874', '11948920832', 'hm', '0\n']
执行Read部分
line_splitted[2、3]:
4096 2874
执行了 find_band_number 函数 搜索对应的band带
执行了 calc_track_number 函数 搜索对应的磁道
执行了 estimate_rot_lat 函数  计算估计旋转延迟
执行了 reset_latencies 函数
['128166386562382000', 'Read', '4096', '1496', '11948912640', 'hm', '0\n']
执行Read部分
line_splitted[2、3]:
4096 1496
执行了 find_band_number 函数 搜索对应的band带
执行了 calc_track_number 函数 搜索对应的磁道
执行了 estimate_rot_lat 函数  计算估计旋转延迟
执行了 reset_latencies 函数
['128166386562383000', 'Read', '4096', '1245', '11955572736', 'hm', '0\n']
执行Read部分
line_splitted[2、3]:
4096 1245
执行了 find_band_number 函数 搜索对应的band带
执行了 calc_track_number 函数 搜索对应的磁道
执行了 estimate_rot_lat 函数  计算估计旋转延迟
执行了 reset_latencies 函数
['128166386562504000', 'Read', '4096', '36132', '11956482048', 'hm', '0\n']
执行Read部分
line_splitted[2、3]:
4096 36132
执行了 find_band_number 函数 搜索对应的band带
执行了 calc_track_number 函数 搜索对应的磁道
执行了 estimate_rot_lat 函数  计算估计旋转延迟
执行了 find_band_number 函数 搜索对应的band带
执行了 calc_track_number 函数 搜索对应的磁道
执行了 estimate_rot_lat 函数  计算估计旋转延迟
执行了 find_band_number 函数 搜索对应的band带
执行了 calc_track_number 函数 搜索对应的磁道
执行了 estimate_rot_lat 函数  计算估计旋转延迟
执行了 find_band_number 函数 搜索对应的band带
执行了 calc_track_number 函数 搜索对应的磁道
执行了 estimate_rot_lat 函数  计算估计旋转延迟
执行了 find_band_number 函数 搜索对应的band带
执行了 calc_track_number 函数 搜索对应的磁道
执行了 estimate_rot_lat 函数  计算估计旋转延迟
执行了 find_band_number 函数 搜索对应的band带
执行了 calc_track_number 函数 搜索对应的磁道
执行了 estimate_rot_lat 函数  计算估计旋转延迟
执行了 find_band_number 函数 搜索对应的band带
执行了 calc_track_number 函数 搜索对应的磁道
执行了 estimate_rot_lat 函数  计算估计旋转延迟
执行了 find_band_number 函数 搜索对应的band带
执行了 calc_track_number 函数 搜索对应的磁道
执行了 estimate_rot_lat 函数  计算估计旋转延迟
执行了 find_band_number 函数 搜索对应的band带
执行了 calc_track_number 函数 搜索对应的磁道
执行了 estimate_rot_lat 函数  计算估计旋转延迟
执行了 reset_latencies 函数
['128166386562509000', 'Read', '4096', '31471', '11955458048', 'hm', '0\n']
执行Read部分
line_splitted[2、3]:
4096 31471
执行了 find_band_number 函数 搜索对应的band带
执行了 calc_track_number 函数 搜索对应的磁道
执行了 estimate_rot_lat 函数  计算估计旋转延迟
执行了 find_band_number 函数 搜索对应的band带
执行了 calc_track_number 函数 搜索对应的磁道
执行了 estimate_rot_lat 函数  计算估计旋转延迟
执行了 find_band_number 函数 搜索对应的band带
执行了 calc_track_number 函数 搜索对应的磁道
执行了 estimate_rot_lat 函数  计算估计旋转延迟
执行了 find_band_number 函数 搜索对应的band带
执行了 calc_track_number 函数 搜索对应的磁道
执行了 estimate_rot_lat 函数  计算估计旋转延迟
执行了 find_band_number 函数 搜索对应的band带
执行了 calc_track_number 函数 搜索对应的磁道
执行了 estimate_rot_lat 函数  计算估计旋转延迟
执行了 find_band_number 函数 搜索对应的band带
执行了 calc_track_number 函数 搜索对应的磁道
执行了 estimate_rot_lat 函数  计算估计旋转延迟
执行了 find_band_number 函数 搜索对应的band带
执行了 calc_track_number 函数 搜索对应的磁道
执行了 estimate_rot_lat 函数  计算估计旋转延迟
执行了 find_band_number 函数 搜索对应的band带
执行了 calc_track_number 函数 搜索对应的磁道
执行了 estimate_rot_lat 函数  计算估计旋转延迟
执行了 reset_latencies 函数
['128166386562529000', 'Read', '4096', '11629', '11952746496', 'hm', '0\n']
执行Read部分
line_splitted[2、3]:
4096 11629
执行了 find_band_number 函数 搜索对应的band带
执行了 calc_track_number 函数 搜索对应的磁道
执行了 estimate_rot_lat 函数  计算估计旋转延迟
执行了 find_band_number 函数 搜索对应的band带
执行了 calc_track_number 函数 搜索对应的磁道
执行了 estimate_rot_lat 函数  计算估计旋转延迟
执行了 find_band_number 函数 搜索对应的band带
执行了 calc_track_number 函数 搜索对应的磁道
执行了 estimate_rot_lat 函数  计算估计旋转延迟
执行了 reset_latencies 函数
['128166386562537000', 'Read', '4096', '3262', '11947278336', 'hm', '0\n']
执行Read部分
line_splitted[2、3]:
4096 3262
执行了 find_band_number 函数 搜索对应的band带
执行了 calc_track_number 函数 搜索对应的磁道
执行了 estimate_rot_lat 函数  计算估计旋转延迟
执行了 reset_latencies 函数
['128166386562537000', 'Read', '4096', '3108', '11956486144', 'hm', '0\n']
执行Read部分
line_splitted[2、3]:
4096 3108
执行了 find_band_number 函数 搜索对应的band带
执行了 calc_track_number 函数 搜索对应的磁道
执行了 estimate_rot_lat 函数  计算估计旋转延迟
执行了 reset_latencies 函数
['128166386562539000', 'Read', '4096', '1285', '11955769344', 'hm', '0\n']
执行Read部分
line_splitted[2、3]:
4096 1285
执行了 find_band_number 函数 搜索对应的band带
执行了 calc_track_number 函数 搜索对应的磁道
执行了 estimate_rot_lat 函数  计算估计旋转延迟
执行了 reset_latencies 函数
['128166386562539000', 'Read', '4096', '1183', '11955462144', 'hm', '0\n']
执行Read部分
line_splitted[2、3]:
4096 1183
执行了 find_band_number 函数 搜索对应的band带
执行了 calc_track_number 函数 搜索对应的磁道
执行了 estimate_rot_lat 函数  计算估计旋转延迟
执行了 reset_latencies 函数
['128166386562539000', 'Read', '4096', '908', '11955777536', 'hm', '0\n']
执行Read部分
line_splitted[2、3]:
4096 908
执行了 find_band_number 函数 搜索对应的band带
执行了 calc_track_number 函数 搜索对应的磁道
执行了 estimate_rot_lat 函数  计算估计旋转延迟
执行了 reset_latencies 函数
['128166386562539000', 'Read', '4096', '875', '11955466240', 'hm', '0\n']
执行Read部分
line_splitted[2、3]:
4096 875
执行了 find_band_number 函数 搜索对应的band带
执行了 calc_track_number 函数 搜索对应的磁道
执行了 estimate_rot_lat 函数  计算估计旋转延迟
执行了 reset_latencies 函数
['128166386562539000', 'Read', '4096', '864', '11955773440', 'hm', '0\n']
执行Read部分
line_splitted[2、3]:
4096 864
执行了 find_band_number 函数 搜索对应的band带
执行了 calc_track_number 函数 搜索对应的磁道
执行了 estimate_rot_lat 函数  计算估计旋转延迟
执行了 reset_latencies 函数
['128166386562638000', 'Read', '65536', '58465', '11952754688', 'hm', '0\n']
执行Read部分
line_splitted[2、3]:
65536 58465
执行了 find_band_number 函数 搜索对应的band带
执行了 calc_track_number 函数 搜索对应的磁道
执行了 estimate_rot_lat 函数  计算估计旋转延迟
执行了 find_band_number 函数 搜索对应的band带
执行了 calc_track_number 函数 搜索对应的磁道
执行了 estimate_rot_lat 函数  计算估计旋转延迟
执行了 find_band_number 函数 搜索对应的band带
执行了 calc_track_number 函数 搜索对应的磁道
执行了 estimate_rot_lat 函数  计算估计旋转延迟
执行了 find_band_number 函数 搜索对应的band带
执行了 calc_track_number 函数 搜索对应的磁道
执行了 estimate_rot_lat 函数  计算估计旋转延迟
执行了 find_band_number 函数 搜索对应的band带
执行了 calc_track_number 函数 搜索对应的磁道
执行了 estimate_rot_lat 函数  计算估计旋转延迟
执行了 find_band_number 函数 搜索对应的band带
执行了 calc_track_number 函数 搜索对应的磁道
执行了 estimate_rot_lat 函数  计算估计旋转延迟
执行了 find_band_number 函数 搜索对应的band带
执行了 calc_track_number 函数 搜索对应的磁道
执行了 estimate_rot_lat 函数  计算估计旋转延迟
执行了 find_band_number 函数 搜索对应的band带
执行了 calc_track_number 函数 搜索对应的磁道
执行了 estimate_rot_lat 函数  计算估计旋转延迟
执行了 find_band_number 函数 搜索对应的band带
执行了 calc_track_number 函数 搜索对应的磁道
执行了 estimate_rot_lat 函数  计算估计旋转延迟
执行了 find_band_number 函数 搜索对应的band带
执行了 calc_track_number 函数 搜索对应的磁道
执行了 estimate_rot_lat 函数  计算估计旋转延迟
执行了 find_band_number 函数 搜索对应的band带
执行了 calc_track_number 函数 搜索对应的磁道
执行了 estimate_rot_lat 函数  计算估计旋转延迟
执行了 find_band_number 函数 搜索对应的band带
执行了 calc_track_number 函数 搜索对应的磁道
执行了 estimate_rot_lat 函数  计算估计旋转延迟
执行了 find_band_number 函数 搜索对应的band带
执行了 calc_track_number 函数 搜索对应的磁道
执行了 estimate_rot_lat 函数  计算估计旋转延迟
执行了 find_band_number 函数 搜索对应的band带
执行了 calc_track_number 函数 搜索对应的磁道
执行了 estimate_rot_lat 函数  计算估计旋转延迟
执行了 find_band_number 函数 搜索对应的band带
执行了 calc_track_number 函数 搜索对应的磁道
执行了 estimate_rot_lat 函数  计算估计旋转延迟
执行了 reset_latencies 函数
['128166386562652000', 'Read', '4096', '44139', '11952750592', 'hm', '0\n']
执行Read部分
line_splitted[2、3]:
4096 44139
执行了 find_band_number 函数 搜索对应的band带
执行了 calc_track_number 函数 搜索对应的磁道
执行了 estimate_rot_lat 函数  计算估计旋转延迟
执行了 find_band_number 函数 搜索对应的band带
执行了 calc_track_number 函数 搜索对应的磁道
执行了 estimate_rot_lat 函数  计算估计旋转延迟
执行了 find_band_number 函数 搜索对应的band带
执行了 calc_track_number 函数 搜索对应的磁道
执行了 estimate_rot_lat 函数  计算估计旋转延迟
执行了 find_band_number 函数 搜索对应的band带
执行了 calc_track_number 函数 搜索对应的磁道
执行了 estimate_rot_lat 函数  计算估计旋转延迟
执行了 find_band_number 函数 搜索对应的band带
执行了 calc_track_number 函数 搜索对应的磁道
执行了 estimate_rot_lat 函数  计算估计旋转延迟
执行了 find_band_number 函数 搜索对应的band带
执行了 calc_track_number 函数 搜索对应的磁道
执行了 estimate_rot_lat 函数  计算估计旋转延迟
执行了 find_band_number 函数 搜索对应的band带
执行了 calc_track_number 函数 搜索对应的磁道
执行了 estimate_rot_lat 函数  计算估计旋转延迟
执行了 find_band_number 函数 搜索对应的band带
执行了 calc_track_number 函数 搜索对应的磁道
执行了 estimate_rot_lat 函数  计算估计旋转延迟
执行了 find_band_number 函数 搜索对应的band带
执行了 calc_track_number 函数 搜索对应的磁道
执行了 estimate_rot_lat 函数  计算估计旋转延迟
执行了 find_band_number 函数 搜索对应的band带
执行了 calc_track_number 函数 搜索对应的磁道
执行了 estimate_rot_lat 函数  计算估计旋转延迟
执行了 find_band_number 函数 搜索对应的band带
执行了 calc_track_number 函数 搜索对应的磁道
执行了 estimate_rot_lat 函数  计算估计旋转延迟
执行了 reset_latencies 函数
['128166386562693000', 'Read', '4096', '3454', '11947282432', 'hm', '0\n']
执行Read部分
line_splitted[2、3]:
4096 3454
执行了 find_band_number 函数 搜索对应的band带
执行了 calc_track_number 函数 搜索对应的磁道
执行了 estimate_rot_lat 函数  计算估计旋转延迟
执行了 reset_latencies 函数
['128166386562818000', 'Read', '16384', '34411', '11932270592', 'hm', '0\n']
执行Read部分
line_splitted[2、3]:
16384 34411
执行了 find_band_number 函数 搜索对应的band带
执行了 calc_track_number 函数 搜索对应的磁道
执行了 estimate_rot_lat 函数  计算估计旋转延迟
执行了 find_band_number 函数 搜索对应的band带
执行了 calc_track_number 函数 搜索对应的磁道
执行了 estimate_rot_lat 函数  计算估计旋转延迟
执行了 find_band_number 函数 搜索对应的band带
执行了 calc_track_number 函数 搜索对应的磁道
执行了 estimate_rot_lat 函数  计算估计旋转延迟
执行了 find_band_number 函数 搜索对应的band带
执行了 calc_track_number 函数 搜索对应的磁道
执行了 estimate_rot_lat 函数  计算估计旋转延迟
执行了 find_band_number 函数 搜索对应的band带
执行了 calc_track_number 函数 搜索对应的磁道
执行了 estimate_rot_lat 函数  计算估计旋转延迟
执行了 find_band_number 函数 搜索对应的band带
执行了 calc_track_number 函数 搜索对应的磁道
执行了 estimate_rot_lat 函数  计算估计旋转延迟
执行了 find_band_number 函数 搜索对应的band带
执行了 calc_track_number 函数 搜索对应的磁道
执行了 estimate_rot_lat 函数  计算估计旋转延迟
执行了 find_band_number 函数 搜索对应的band带
执行了 calc_track_number 函数 搜索对应的磁道
执行了 estimate_rot_lat 函数  计算估计旋转延迟
执行了 find_band_number 函数 搜索对应的band带
执行了 calc_track_number 函数 搜索对应的磁道
执行了 estimate_rot_lat 函数  计算估计旋转延迟
执行了 reset_latencies 函数
['128166386562819000', 'Read', '8192', '34104', '11932364800', 'hm', '0\n']
执行Read部分
line_splitted[2、3]:
8192 34104
执行了 find_band_number 函数 搜索对应的band带
执行了 calc_track_number 函数 搜索对应的磁道
执行了 estimate_rot_lat 函数  计算估计旋转延迟
执行了 find_band_number 函数 搜索对应的band带
执行了 calc_track_number 函数 搜索对应的磁道
执行了 estimate_rot_lat 函数  计算估计旋转延迟
执行了 find_band_number 函数 搜索对应的band带
执行了 calc_track_number 函数 搜索对应的磁道
执行了 estimate_rot_lat 函数  计算估计旋转延迟
执行了 find_band_number 函数 搜索对应的band带
执行了 calc_track_number 函数 搜索对应的磁道
执行了 estimate_rot_lat 函数  计算估计旋转延迟
执行了 find_band_number 函数 搜索对应的band带
执行了 calc_track_number 函数 搜索对应的磁道
执行了 estimate_rot_lat 函数  计算估计旋转延迟
执行了 find_band_number 函数 搜索对应的band带
执行了 calc_track_number 函数 搜索对应的磁道
执行了 estimate_rot_lat 函数  计算估计旋转延迟
执行了 find_band_number 函数 搜索对应的band带
执行了 calc_track_number 函数 搜索对应的磁道
执行了 estimate_rot_lat 函数  计算估计旋转延迟
执行了 find_band_number 函数 搜索对应的band带
执行了 calc_track_number 函数 搜索对应的磁道
执行了 estimate_rot_lat 函数  计算估计旋转延迟
执行了 find_band_number 函数 搜索对应的band带
执行了 calc_track_number 函数 搜索对应的磁道
执行了 estimate_rot_lat 函数  计算估计旋转延迟
执行了 reset_latencies 函数
['128166386562821000', 'Read', '32768', '31745', '11918299136', 'hm', '0\n']
执行Read部分
line_splitted[2、3]:
32768 31745
执行了 find_band_number 函数 搜索对应的band带
执行了 calc_track_number 函数 搜索对应的磁道
执行了 estimate_rot_lat 函数  计算估计旋转延迟
执行了 find_band_number 函数 搜索对应的band带
执行了 calc_track_number 函数 搜索对应的磁道
执行了 estimate_rot_lat 函数  计算估计旋转延迟
执行了 find_band_number 函数 搜索对应的band带
执行了 calc_track_number 函数 搜索对应的磁道
执行了 estimate_rot_lat 函数  计算估计旋转延迟
执行了 find_band_number 函数 搜索对应的band带
执行了 calc_track_number 函数 搜索对应的磁道
执行了 estimate_rot_lat 函数  计算估计旋转延迟
执行了 find_band_number 函数 搜索对应的band带
执行了 calc_track_number 函数 搜索对应的磁道
执行了 estimate_rot_lat 函数  计算估计旋转延迟
执行了 find_band_number 函数 搜索对应的band带
执行了 calc_track_number 函数 搜索对应的磁道
执行了 estimate_rot_lat 函数  计算估计旋转延迟
执行了 find_band_number 函数 搜索对应的band带
执行了 calc_track_number 函数 搜索对应的磁道
执行了 estimate_rot_lat 函数  计算估计旋转延迟
执行了 find_band_number 函数 搜索对应的band带
执行了 calc_track_number 函数 搜索对应的磁道
执行了 estimate_rot_lat 函数  计算估计旋转延迟
执行了 reset_latencies 函数
['128166386562919000', 'Read', '16384', '89910', '11932192768', 'hm', '0\n']
执行Read部分
line_splitted[2、3]:
16384 89910
执行了 find_band_number 函数 搜索对应的band带
执行了 calc_track_number 函数 搜索对应的磁道
执行了 estimate_rot_lat 函数  计算估计旋转延迟
执行了 find_band_number 函数 搜索对应的band带
执行了 calc_track_number 函数 搜索对应的磁道
执行了 estimate_rot_lat 函数  计算估计旋转延迟
执行了 find_band_number 函数 搜索对应的band带
执行了 calc_track_number 函数 搜索对应的磁道
执行了 estimate_rot_lat 函数  计算估计旋转延迟
执行了 find_band_number 函数 搜索对应的band带
执行了 calc_track_number 函数 搜索对应的磁道
执行了 estimate_rot_lat 函数  计算估计旋转延迟
执行了 find_band_number 函数 搜索对应的band带
执行了 calc_track_number 函数 搜索对应的磁道
执行了 estimate_rot_lat 函数  计算估计旋转延迟
执行了 find_band_number 函数 搜索对应的band带
执行了 calc_track_number 函数 搜索对应的磁道
执行了 estimate_rot_lat 函数  计算估计旋转延迟
执行了 find_band_number 函数 搜索对应的band带
执行了 calc_track_number 函数 搜索对应的磁道
执行了 estimate_rot_lat 函数  计算估计旋转延迟
执行了 find_band_number 函数 搜索对应的band带
执行了 calc_track_number 函数 搜索对应的磁道
执行了 estimate_rot_lat 函数  计算估计旋转延迟
执行了 find_band_number 函数 搜索对应的band带
执行了 calc_track_number 函数 搜索对应的磁道
执行了 estimate_rot_lat 函数  计算估计旋转延迟
执行了 find_band_number 函数 搜索对应的band带
执行了 calc_track_number 函数 搜索对应的磁道
执行了 estimate_rot_lat 函数  计算估计旋转延迟
执行了 find_band_number 函数 搜索对应的band带
执行了 calc_track_number 函数 搜索对应的磁道
执行了 estimate_rot_lat 函数  计算估计旋转延迟
执行了 find_band_number 函数 搜索对应的band带
执行了 calc_track_number 函数 搜索对应的磁道
执行了 estimate_rot_lat 函数  计算估计旋转延迟
执行了 find_band_number 函数 搜索对应的band带
执行了 calc_track_number 函数 搜索对应的磁道
执行了 estimate_rot_lat 函数  计算估计旋转延迟
执行了 find_band_number 函数 搜索对应的band带
执行了 calc_track_number 函数 搜索对应的磁道
执行了 estimate_rot_lat 函数  计算估计旋转延迟
执行了 find_band_number 函数 搜索对应的band带
执行了 calc_track_number 函数 搜索对应的磁道
执行了 estimate_rot_lat 函数  计算估计旋转延迟
执行了 find_band_number 函数 搜索对应的band带
执行了 calc_track_number 函数 搜索对应的磁道
执行了 estimate_rot_lat 函数  计算估计旋转延迟
执行了 find_band_number 函数 搜索对应的band带
执行了 calc_track_number 函数 搜索对应的磁道
执行了 estimate_rot_lat 函数  计算估计旋转延迟
执行了 find_band_number 函数 搜索对应的band带
执行了 calc_track_number 函数 搜索对应的磁道
执行了 estimate_rot_lat 函数  计算估计旋转延迟
执行了 find_band_number 函数 搜索对应的band带
执行了 calc_track_number 函数 搜索对应的磁道
执行了 estimate_rot_lat 函数  计算估计旋转延迟
执行了 find_band_number 函数 搜索对应的band带
执行了 calc_track_number 函数 搜索对应的磁道
执行了 estimate_rot_lat 函数  计算估计旋转延迟
执行了 find_band_number 函数 搜索对应的band带
执行了 calc_track_number 函数 搜索对应的磁道
执行了 estimate_rot_lat 函数  计算估计旋转延迟
执行了 find_band_number 函数 搜索对应的band带
执行了 calc_track_number 函数 搜索对应的磁道
执行了 estimate_rot_lat 函数  计算估计旋转延迟
执行了 reset_latencies 函数
['128166386562976000', 'Read', '32768', '32780', '11932000256', 'hm', '0\n']
执行Read部分
line_splitted[2、3]:
32768 32780
执行了 find_band_number 函数 搜索对应的band带
执行了 calc_track_number 函数 搜索对应的磁道
执行了 estimate_rot_lat 函数  计算估计旋转延迟
执行了 find_band_number 函数 搜索对应的band带
执行了 calc_track_number 函数 搜索对应的磁道
执行了 estimate_rot_lat 函数  计算估计旋转延迟
执行了 find_band_number 函数 搜索对应的band带
执行了 calc_track_number 函数 搜索对应的磁道
执行了 estimate_rot_lat 函数  计算估计旋转延迟
执行了 find_band_number 函数 搜索对应的band带
执行了 calc_track_number 函数 搜索对应的磁道
执行了 estimate_rot_lat 函数  计算估计旋转延迟
执行了 find_band_number 函数 搜索对应的band带
执行了 calc_track_number 函数 搜索对应的磁道
执行了 estimate_rot_lat 函数  计算估计旋转延迟
执行了 find_band_number 函数 搜索对应的band带
执行了 calc_track_number 函数 搜索对应的磁道
执行了 estimate_rot_lat 函数  计算估计旋转延迟
执行了 find_band_number 函数 搜索对应的band带
执行了 calc_track_number 函数 搜索对应的磁道
执行了 estimate_rot_lat 函数  计算估计旋转延迟
执行了 find_band_number 函数 搜索对应的band带
执行了 calc_track_number 函数 搜索对应的磁道
执行了 estimate_rot_lat 函数  计算估计旋转延迟
执行了 find_band_number 函数 搜索对应的band带
执行了 calc_track_number 函数 搜索对应的磁道
执行了 estimate_rot_lat 函数  计算估计旋转延迟
执行了 reset_latencies 函数
['128166386563003000', 'Read', '32768', '6380', '11932033024', 'hm', '0\n']
执行Read部分
line_splitted[2、3]:
32768 6380
执行了 find_band_number 函数 搜索对应的band带
执行了 calc_track_number 函数 搜索对应的磁道
执行了 estimate_rot_lat 函数  计算估计旋转延迟
执行了 find_band_number 函数 搜索对应的band带
执行了 calc_track_number 函数 搜索对应的磁道
执行了 estimate_rot_lat 函数  计算估计旋转延迟
执行了 reset_latencies 函数
['128166386563003000', 'Read', '32768', '6233', '11932160000', 'hm', '0\n']
执行Read部分
line_splitted[2、3]:
32768 6233
执行了 find_band_number 函数 搜索对应的band带
执行了 calc_track_number 函数 搜索对应的磁道
执行了 estimate_rot_lat 函数  计算估计旋转延迟
执行了 find_band_number 函数 搜索对应的band带
执行了 calc_track_number 函数 搜索对应的磁道
执行了 estimate_rot_lat 函数  计算估计旋转延迟
执行了 reset_latencies 函数
['128166386563003000', 'Read', '32768', '5991', '11931967488', 'hm', '0\n']
执行Read部分
line_splitted[2、3]:
32768 5991
执行了 find_band_number 函数 搜索对应的band带
执行了 calc_track_number 函数 搜索对应的磁道
执行了 estimate_rot_lat 函数  计算估计旋转延迟
执行了 find_band_number 函数 搜索对应的band带
执行了 calc_track_number 函数 搜索对应的磁道
执行了 estimate_rot_lat 函数  计算估计旋转延迟
执行了 reset_latencies 函数
['128166386563004000', 'Read', '16384', '4546', '11932209152', 'hm', '0\n']
执行Read部分
line_splitted[2、3]:
16384 4546
执行了 find_band_number 函数 搜索对应的band带
执行了 calc_track_number 函数 搜索对应的磁道
执行了 estimate_rot_lat 函数  计算估计旋转延迟
执行了 find_band_number 函数 搜索对应的band带
执行了 calc_track_number 函数 搜索对应的磁道
执行了 estimate_rot_lat 函数  计算估计旋转延迟
执行了 reset_latencies 函数
['128166386563005000', 'Read', '16384', '4127', '11932319744', 'hm', '0\n']
执行Read部分
line_splitted[2、3]:
16384 4127
执行了 find_band_number 函数 搜索对应的band带
执行了 calc_track_number 函数 搜索对应的磁道
执行了 estimate_rot_lat 函数  计算估计旋转延迟
执行了 find_band_number 函数 搜索对应的band带
执行了 calc_track_number 函数 搜索对应的磁道
执行了 estimate_rot_lat 函数  计算估计旋转延迟
执行了 reset_latencies 函数
['128166386563629000', 'Read', '12288', '5246', '11932336128', 'hm', '0\n']
执行Read部分
line_splitted[2、3]:
12288 5246
执行了 find_band_number 函数 搜索对应的band带
执行了 calc_track_number 函数 搜索对应的磁道
执行了 estimate_rot_lat 函数  计算估计旋转延迟
执行了 find_band_number 函数 搜索对应的band带
执行了 calc_track_number 函数 搜索对应的磁道
执行了 estimate_rot_lat 函数  计算估计旋转延迟
执行了 reset_latencies 函数
['128166386566067000', 'Read', '12288', '67037', '152137728', 'hm', '0\n']
执行Read部分
line_splitted[2、3]:
12288 67037
执行了 find_band_number 函数 搜索对应的band带
执行了 calc_track_number 函数 搜索对应的磁道
执行了 estimate_rot_lat 函数  计算估计旋转延迟
执行了 find_band_number 函数 搜索对应的band带
执行了 calc_track_number 函数 搜索对应的磁道
执行了 estimate_rot_lat 函数  计算估计旋转延迟
执行了 find_band_number 函数 搜索对应的band带
执行了 calc_track_number 函数 搜索对应的磁道
执行了 estimate_rot_lat 函数  计算估计旋转延迟
执行了 find_band_number 函数 搜索对应的band带
执行了 calc_track_number 函数 搜索对应的磁道
执行了 estimate_rot_lat 函数  计算估计旋转延迟
执行了 find_band_number 函数 搜索对应的band带
执行了 calc_track_number 函数 搜索对应的磁道
执行了 estimate_rot_lat 函数  计算估计旋转延迟
执行了 find_band_number 函数 搜索对应的band带
执行了 calc_track_number 函数 搜索对应的磁道
执行了 estimate_rot_lat 函数  计算估计旋转延迟
执行了 find_band_number 函数 搜索对应的band带
执行了 calc_track_number 函数 搜索对应的磁道
执行了 estimate_rot_lat 函数  计算估计旋转延迟
执行了 find_band_number 函数 搜索对应的band带
执行了 calc_track_number 函数 搜索对应的磁道
执行了 estimate_rot_lat 函数  计算估计旋转延迟
执行了 find_band_number 函数 搜索对应的band带
执行了 calc_track_number 函数 搜索对应的磁道
执行了 estimate_rot_lat 函数  计算估计旋转延迟
执行了 find_band_number 函数 搜索对应的band带
执行了 calc_track_number 函数 搜索对应的磁道
执行了 estimate_rot_lat 函数  计算估计旋转延迟
执行了 find_band_number 函数 搜索对应的band带
执行了 calc_track_number 函数 搜索对应的磁道
执行了 estimate_rot_lat 函数  计算估计旋转延迟
执行了 find_band_number 函数 搜索对应的band带
执行了 calc_track_number 函数 搜索对应的磁道
执行了 estimate_rot_lat 函数  计算估计旋转延迟
执行了 find_band_number 函数 搜索对应的band带
执行了 calc_track_number 函数 搜索对应的磁道
执行了 estimate_rot_lat 函数  计算估计旋转延迟
执行了 find_band_number 函数 搜索对应的band带
执行了 calc_track_number 函数 搜索对应的磁道
执行了 estimate_rot_lat 函数  计算估计旋转延迟
执行了 find_band_number 函数 搜索对应的band带
执行了 calc_track_number 函数 搜索对应的磁道
执行了 estimate_rot_lat 函数  计算估计旋转延迟
执行了 find_band_number 函数 搜索对应的band带
执行了 calc_track_number 函数 搜索对应的磁道
执行了 estimate_rot_lat 函数  计算估计旋转延迟
执行了 find_band_number 函数 搜索对应的band带
执行了 calc_track_number 函数 搜索对应的磁道
执行了 estimate_rot_lat 函数  计算估计旋转延迟
执行了 reset_latencies 函数
['128166386566106000', 'Read', '4096', '27621', '57958400', 'hm', '0\n']
执行Read部分
line_splitted[2、3]:
4096 27621
执行了 find_band_number 函数 搜索对应的band带
执行了 calc_track_number 函数 搜索对应的磁道
执行了 estimate_rot_lat 函数  计算估计旋转延迟
执行了 find_band_number 函数 搜索对应的band带
执行了 calc_track_number 函数 搜索对应的磁道
执行了 estimate_rot_lat 函数  计算估计旋转延迟
执行了 find_band_number 函数 搜索对应的band带
执行了 calc_track_number 函数 搜索对应的磁道
执行了 estimate_rot_lat 函数  计算估计旋转延迟
执行了 find_band_number 函数 搜索对应的band带
执行了 calc_track_number 函数 搜索对应的磁道
执行了 estimate_rot_lat 函数  计算估计旋转延迟
执行了 find_band_number 函数 搜索对应的band带
执行了 calc_track_number 函数 搜索对应的磁道
执行了 estimate_rot_lat 函数  计算估计旋转延迟
执行了 find_band_number 函数 搜索对应的band带
执行了 calc_track_number 函数 搜索对应的磁道
执行了 estimate_rot_lat 函数  计算估计旋转延迟
执行了 find_band_number 函数 搜索对应的band带
执行了 calc_track_number 函数 搜索对应的磁道
执行了 estimate_rot_lat 函数  计算估计旋转延迟
执行了 reset_latencies 函数
['128166386566114000', 'Read', '16384', '19754', '295179264', 'hm', '0\n']
执行Read部分
line_splitted[2、3]:
16384 19754
执行了 find_band_number 函数 搜索对应的band带
执行了 calc_track_number 函数 搜索对应的磁道
执行了 estimate_rot_lat 函数  计算估计旋转延迟
执行了 find_band_number 函数 搜索对应的band带
执行了 calc_track_number 函数 搜索对应的磁道
执行了 estimate_rot_lat 函数  计算估计旋转延迟
执行了 find_band_number 函数 搜索对应的band带
执行了 calc_track_number 函数 搜索对应的磁道
执行了 estimate_rot_lat 函数  计算估计旋转延迟
执行了 find_band_number 函数 搜索对应的band带
执行了 calc_track_number 函数 搜索对应的磁道
执行了 estimate_rot_lat 函数  计算估计旋转延迟
执行了 find_band_number 函数 搜索对应的band带
执行了 calc_track_number 函数 搜索对应的磁道
执行了 estimate_rot_lat 函数  计算估计旋转延迟
执行了 reset_latencies 函数
['128166386566117000', 'Read', '32768', '16811', '295273472', 'hm', '0\n']
执行Read部分
line_splitted[2、3]:
32768 16811
执行了 find_band_number 函数 搜索对应的band带
执行了 calc_track_number 函数 搜索对应的磁道
执行了 estimate_rot_lat 函数  计算估计旋转延迟
执行了 find_band_number 函数 搜索对应的band带
执行了 calc_track_number 函数 搜索对应的磁道
执行了 estimate_rot_lat 函数  计算估计旋转延迟
执行了 find_band_number 函数 搜索对应的band带
执行了 calc_track_number 函数 搜索对应的磁道
执行了 estimate_rot_lat 函数  计算估计旋转延迟
执行了 find_band_number 函数 搜索对应的band带
执行了 calc_track_number 函数 搜索对应的磁道
执行了 estimate_rot_lat 函数  计算估计旋转延迟
执行了 find_band_number 函数 搜索对应的band带
执行了 calc_track_number 函数 搜索对应的磁道
执行了 estimate_rot_lat 函数  计算估计旋转延迟
执行了 reset_latencies 函数
['128166386566126000', 'Read', '32768', '7529', '177996800', 'hm', '0\n']
执行Read部分
line_splitted[2、3]:
32768 7529
执行了 find_band_number 函数 搜索对应的band带
执行了 calc_track_number 函数 搜索对应的磁道
执行了 estimate_rot_lat 函数  计算估计旋转延迟
执行了 find_band_number 函数 搜索对应的band带
执行了 calc_track_number 函数 搜索对应的磁道
执行了 estimate_rot_lat 函数  计算估计旋转延迟
执行了 reset_latencies 函数
['128166386566128000', 'Read', '32768', '5967', '295339008', 'hm', '0']
执行Read部分
line_splitted[2、3]:
32768 5967
执行了 find_band_number 函数 搜索对应的band带
执行了 calc_track_number 函数 搜索对应的磁道
执行了 estimate_rot_lat 函数  计算估计旋转延迟
执行了 find_band_number 函数 搜索对应的band带
执行了 calc_track_number 函数 搜索对应的磁道
执行了 estimate_rot_lat 函数  计算估计旋转延迟
执行了 reset_latencies 函数
